0 info it worked if it ends with ok
1 verbose cli [ '/home/betta/.nvm/versions/node/v6.14.3/bin/node',
1 verbose cli   '/home/betta/.nvm/versions/node/v6.14.3/bin/npm',
1 verbose cli   'run',
1 verbose cli   'build' ]
2 info using npm@3.10.10
3 info using node@v6.14.3
4 verbose run-script [ 'prebuild', 'build', 'postbuild' ]
5 info lifecycle temperature@1.0.0~prebuild: temperature@1.0.0
6 silly lifecycle temperature@1.0.0~prebuild: no script for prebuild, continuing
7 info lifecycle temperature@1.0.0~build: temperature@1.0.0
8 verbose lifecycle temperature@1.0.0~build: unsafe-perm in lifecycle true
9 verbose lifecycle temperature@1.0.0~build: PATH: /home/betta/.nvm/versions/node/v6.14.3/lib/node_modules/npm/bin/node-gyp-bin:/home/betta/Documentos/Univesp/Projeto Integrador V/node/node_modules/.bin:/home/betta/.yarn/bin:/home/betta/.config/yarn/global/node_modules/.bin:/home/betta/.pyenv/plugins/pyenv-virtualenv/shims:/home/betta/.pyenv/shims:/home/betta/.pyenv/bin:/home/betta/.nvm/versions/node/v6.14.3/bin:/home/betta/.sdkman/candidates/springboot/current/bin:/home/betta/.sdkman/candidates/maven/current/bin:/home/betta/.sdkman/candidates/java/current/bin:/home/betta/.sdkman/candidates/gradle/current/bin:/home/betta/.pyenv/plugins/pyenv-virtualenv/shims:~/.pyenv/bin:/usr/local/sbin:/usr/local/bin:/usr/sbin:/usr/bin:/sbin:/bin:/usr/games:/usr/local/games:/snap/bin:/snap/bin:/opt/sonar-scanner/bin
10 verbose lifecycle temperature@1.0.0~build: CWD: /home/betta/Documentos/Univesp/Projeto Integrador V/node
11 silly lifecycle temperature@1.0.0~build: Args: [ '-c', 'babel src -d dist' ]
12 info lifecycle temperature@1.0.0~build: Failed to exec build script
13 verbose stack Error: temperature@1.0.0 build: `babel src -d dist`
13 verbose stack spawn ENOENT
13 verbose stack     at ChildProcess.<anonymous> (/home/betta/.nvm/versions/node/v6.14.3/lib/node_modules/npm/lib/utils/spawn.js:33:16)
13 verbose stack     at emitTwo (events.js:106:13)
13 verbose stack     at ChildProcess.emit (events.js:191:7)
13 verbose stack     at maybeClose (internal/child_process.js:920:16)
13 verbose stack     at Process.ChildProcess._handle.onexit (internal/child_process.js:230:5)
14 verbose pkgid temperature@1.0.0
15 verbose cwd /home/betta/Documentos/Univesp/Projeto Integrador V/node
16 error Linux 6.2.0-36-generic
17 error argv "/home/betta/.nvm/versions/node/v6.14.3/bin/node" "/home/betta/.nvm/versions/node/v6.14.3/bin/npm" "run" "build"
18 error node v6.14.3
19 error npm  v3.10.10
20 error file sh
21 error code ELIFECYCLE
22 error errno ENOENT
23 error syscall spawn
24 error temperature@1.0.0 build: `babel src -d dist`
24 error spawn ENOENT
25 error Failed at the temperature@1.0.0 build script 'babel src -d dist'.
25 error Make sure you have the latest version of node.js and npm installed.
25 error If you do, this is most likely a problem with the temperature package,
25 error not with npm itself.
25 error Tell the author that this fails on your system:
25 error     babel src -d dist
25 error You can get information on how to open an issue for this project with:
25 error     npm bugs temperature
25 error Or if that isn't available, you can get their info via:
25 error     npm owner ls temperature
25 error There is likely additional logging output above.
26 verbose exit [ 1, true ]
